Arguments: 
  C:\Program Files\nodejs\node.exe C:\Program Files (x86)\Yarn\bin\yarn.js

PATH: 
  C:\Users\adamm\bin;C:\Program Files\Git\mingw64\bin;C:\Program Files\Git\usr\local\bin;C:\Program Files\Git\usr\bin;C:\Program Files\Git\usr\bin;C:\Program Files\Git\mingw64\bin;C:\Program Files\Git\usr\bin;C:\Users\adamm\bin;C:\WINDOWS\system32;C:\WINDOWS;C:\WINDOWS\System32\Wbem;C:\WINDOWS\System32\WindowsPowerShell\v1.0;C:\Program Files (x86)\Brackets\command;C:\Program Files\Git\cmd;C:\Program Files\nodejs;C:\Program Files (x86)\Yarn\bin;C:\WINDOWS\System32\OpenSSH;C:\Users\adamm\AppData\Local\Microsoft\WindowsApps;C:\Users\adamm\AppData\Local\GitHubDesktop\bin;C:\Users\adamm\AppData\Roaming\npm;C:\Users\adamm\AppData\Local\Yarn\bin;%USERPROFILE%\AppData\Local\Microsoft\WindowsApps;C:\Program Files\Git\usr\bin\vendor_perl;C:\Program Files\Git\usr\bin\core_perl

Yarn version: 
  1.6.0

Node version: 
  8.11.1

Platform: 
  win32 x64

Trace: 
  Error: EPERM: operation not permitted, copyfile 'C:\Users\adamm\AppData\Local\Yarn\Cache\v1\npm-rxjs-5.5.11-f733027ca43e3bec6b994473be4ab98ad43ced87\observable\FromEventPatternObservable.d.ts' -> 'C:\Users\adamm\Desktop\materialy od instruktora\sass-rwd (1)\sass-rwd\warsztat-x\pociety\node_modules\rxjs\observable\FromEventPatternObservable.d.ts'

npm manifest: 
  {
    "name": "projekt",
    "version": "1.0.0",
    "description": "",
    "main": "index.js",
    "scripts": {
      "dev": "webpack --mode development",
      "prod": "webpack --mode production"
    },
    "keywords": [],
    "author": "",
    "license": "ISC",
    "dependencies": {},
    "devDependencies": {
      "ansi-colors": "^1.1.0",
      "babel-core": "^6.26.0",
      "babel-loader": "^7.1.4",
      "babel-preset-env": "^1.6.1",
      "browser-sync": "^2.23.6",
      "gulp": "^3.9.1",
      "gulp-autoprefixer": "^4.1.0",
      "gulp-csso": "^3.0.1",
      "gulp-plumber": "^1.2.0",
      "gulp-rename": "^1.2.2",
      "gulp-sass": "^3.2.1",
      "gulp-sourcemaps": "^2.6.4",
      "gulp-util": "^3.0.8",
      "gulp-wait": "0.0.2",
      "gulp-watch": "^4.3.11",
      "node-notifier": "^5.2.1",
      "webpack": "^4.2.0",
      "webpack-cli": "^2.0.13"
    }
  }

yarn manifest: 
  No manifest

Lockfile: 
  No lockfile
